TN:
SF:src/services/burgerConstructor/slice.ts
FN:23,prepare
FN:27,reducer
FN:36,removeIngredient
FN:42,removeIngredientAll
FN:47,moveIngredient
FN:62,getBurgerConstructorState
FNF:6
FNH:5
FNDA:8,prepare
FNDA:8,reducer
FNDA:1,removeIngredient
FNDA:1,removeIngredientAll
FNDA:1,moveIngredient
FNDA:0,getBurgerConstructorState
DA:1,1
DA:2,1
DA:3,1
DA:4,1
DA:5,1
DA:6,1
DA:7,1
DA:8,1
DA:9,1
DA:10,1
DA:11,1
DA:12,1
DA:13,1
DA:14,1
DA:15,1
DA:16,1
DA:17,1
DA:18,1
DA:19,1
DA:20,1
DA:21,1
DA:22,1
DA:23,1
DA:24,1
DA:25,1
DA:26,1
DA:27,1
DA:28,8
DA:29,8
DA:30,2
DA:31,8
DA:32,6
DA:33,6
DA:34,8
DA:35,1
DA:36,1
DA:37,1
DA:38,1
DA:39,1
DA:40,1
DA:41,1
DA:42,1
DA:43,1
DA:44,1
DA:45,1
DA:46,1
DA:47,1
DA:48,1
DA:49,1
DA:50,1
DA:51,1
DA:52,1
DA:53,1
DA:54,1
DA:55,1
DA:56,1
DA:57,1
DA:58,1
DA:59,1
DA:60,1
DA:61,1
DA:62,1
DA:63,1
DA:64,1
DA:65,1
DA:66,1
DA:67,1
DA:68,1
DA:69,1
DA:70,1
DA:71,1
DA:72,1
DA:73,1
DA:74,1
DA:75,1
LF:75
LH:75
BRDA:23,0,0,8
BRDA:27,1,0,8
BRDA:29,2,0,2
BRDA:31,3,0,6
BRDA:36,4,0,1
BRDA:38,5,0,1
BRDA:42,6,0,1
BRDA:47,7,0,1
BRF:8
BRH:8
end_of_record
TN:
SF:src/services/ingredients/actions.ts
FNF:0
FNH:0
DA:1,1
DA:2,1
DA:3,1
DA:4,1
DA:5,1
DA:6,1
DA:7,1
LF:7
LH:7
BRF:0
BRH:0
end_of_record
TN:
SF:src/services/ingredients/slice.ts
FN:42,get
FN:22,getIngredients
FN:24,extraReducers
FNF:3
FNH:2
FNDA:0,get
FNDA:1,getIngredients
FNDA:1,extraReducers
DA:1,1
DA:2,1
DA:3,1
DA:4,1
DA:5,1
DA:6,1
DA:7,1
DA:8,1
DA:9,1
DA:10,1
DA:11,1
DA:12,1
DA:13,1
DA:14,1
DA:15,1
DA:16,1
DA:17,1
DA:18,1
DA:19,1
DA:20,1
DA:21,1
DA:22,1
DA:23,1
DA:24,1
DA:25,1
DA:26,1
DA:27,1
DA:28,1
DA:29,1
DA:30,1
DA:31,1
DA:32,1
DA:33,1
DA:34,1
DA:35,1
DA:36,1
DA:37,1
DA:38,1
DA:39,1
DA:40,1
DA:41,1
DA:42,1
LF:42
LH:42
BRDA:22,0,0,1
BRDA:24,1,0,1
BRDA:26,2,0,1
BRDA:30,3,0,1
BRDA:34,4,0,1
BRDA:36,5,0,0
BRF:6
BRH:5
end_of_record
TN:
SF:src/services/orderCreate/actions.ts
FNF:0
FNH:0
DA:1,1
DA:2,1
DA:3,1
DA:4,1
DA:5,1
DA:6,1
DA:7,1
LF:7
LH:7
BRF:0
BRH:0
end_of_record
TN:
SF:src/services/orderCreate/slice.ts
FN:21,removeOrder
FN:25,newOrder
FN:29,extraReducers
FN:49,getOrders
FNF:4
FNH:4
FNDA:1,removeOrder
FNDA:1,newOrder
FNDA:1,extraReducers
FNDA:1,getOrders
DA:1,1
DA:2,1
DA:3,1
DA:4,1
DA:5,1
DA:6,1
DA:7,1
DA:8,1
DA:9,1
DA:10,1
DA:11,1
DA:12,1
DA:13,1
DA:14,1
DA:15,1
DA:16,1
DA:17,1
DA:18,1
DA:19,1
DA:20,1
DA:21,1
DA:22,1
DA:23,1
DA:24,1
DA:25,1
DA:26,1
DA:27,1
DA:28,1
DA:29,1
DA:30,1
DA:31,1
DA:32,1
DA:33,1
DA:34,1
DA:35,1
DA:36,1
DA:37,1
DA:38,1
DA:39,1
DA:40,1
DA:41,1
DA:42,1
DA:43,1
DA:44,1
DA:45,1
DA:46,1
DA:47,1
DA:48,1
DA:49,1
DA:50,1
DA:51,1
DA:52,1
DA:53,1
DA:54,1
DA:55,1
LF:55
LH:55
BRDA:21,0,0,1
BRDA:25,1,0,1
BRDA:29,2,0,1
BRDA:31,3,0,1
BRDA:35,4,0,1
BRDA:39,5,0,0
BRDA:39,6,0,0
BRDA:39,7,0,0
BRDA:41,8,0,0
BRDA:43,9,0,1
BRDA:49,10,0,1
BRF:11
BRH:7
end_of_record
TN:
SF:src/services/orderFeed/actions.ts
FNF:0
FNH:0
DA:1,1
DA:2,1
DA:3,1
DA:4,1
DA:5,1
DA:6,1
DA:7,1
DA:8,1
DA:9,1
DA:10,1
DA:11,1
DA:12,1
DA:13,1
DA:14,1
DA:15,1
DA:16,1
DA:17,1
LF:17
LH:17
BRF:0
BRH:0
end_of_record
TN:
SF:src/services/orderFeed/slice.ts
FN:21,extraReducers
FN:35,getOrders
FNF:2
FNH:2
FNDA:1,extraReducers
FNDA:1,getOrders
DA:1,1
DA:2,1
DA:3,1
DA:4,1
DA:5,1
DA:6,1
DA:7,1
DA:8,1
DA:9,1
DA:10,1
DA:11,1
DA:12,1
DA:13,1
DA:14,1
DA:15,1
DA:16,1
DA:17,1
DA:18,1
DA:19,1
DA:20,1
DA:21,1
DA:22,1
DA:23,1
DA:24,1
DA:25,1
DA:26,1
DA:27,1
DA:28,1
DA:29,2
DA:30,2
DA:31,2
DA:32,1
DA:33,1
DA:34,1
DA:35,1
DA:36,1
DA:37,1
DA:38,1
DA:39,1
LF:39
LH:39
BRDA:21,0,0,1
BRDA:23,1,0,1
BRDA:28,2,0,2
BRDA:35,3,0,1
BRF:4
BRH:4
end_of_record
TN:
SF:src/services/profile/actions.ts
FNF:0
FNH:0
DA:1,1
DA:2,1
DA:3,1
DA:4,1
DA:5,1
DA:6,1
DA:7,1
DA:8,1
DA:9,1
DA:10,0
DA:11,1
LF:11
LH:10
BRF:0
BRH:0
end_of_record
TN:
SF:src/services/profile/slice.ts
FN:24,getIngredients
FN:26,extraReducers
FNF:2
FNH:2
FNDA:1,getIngredients
FNDA:1,extraReducers
DA:1,1
DA:2,1
DA:3,1
DA:4,1
DA:5,1
DA:6,1
DA:7,1
DA:8,1
DA:9,1
DA:10,1
DA:11,1
DA:12,1
DA:13,1
DA:14,1
DA:15,1
DA:16,1
DA:17,1
DA:18,1
DA:19,1
DA:20,1
DA:21,1
DA:22,1
DA:23,1
DA:24,1
DA:25,1
DA:26,1
DA:27,1
DA:28,1
DA:29,1
DA:30,1
DA:31,1
DA:32,1
DA:33,1
DA:34,1
DA:35,1
DA:36,1
DA:37,1
DA:38,1
DA:39,1
DA:40,1
DA:41,1
DA:42,1
DA:43,1
DA:44,1
DA:45,1
DA:46,1
DA:47,1
DA:48,1
DA:49,1
DA:50,1
DA:51,1
DA:52,1
LF:52
LH:52
BRDA:24,0,0,1
BRDA:26,1,0,1
BRDA:29,2,0,1
BRDA:34,3,0,1
BRDA:37,4,0,1
BRDA:40,5,0,0
BRDA:43,6,0,1
BRDA:46,7,0,1
BRF:8
BRH:7
end_of_record
TN:
SF:src/services/user/actions.ts
FNF:0
FNH:0
DA:1,1
DA:2,1
DA:3,1
DA:4,1
DA:5,1
DA:6,1
DA:7,1
DA:8,1
DA:9,1
DA:10,1
DA:11,1
DA:12,1
DA:13,1
DA:14,1
DA:15,1
DA:16,1
DA:17,1
DA:18,1
DA:19,1
DA:20,1
DA:21,1
DA:22,1
DA:23,1
DA:24,1
DA:25,1
DA:26,1
DA:27,1
DA:28,1
DA:29,0
DA:30,1
DA:31,1
DA:32,1
LF:32
LH:31
BRF:0
BRH:0
end_of_record
TN:
SF:src/services/user/slice.ts
FN:31,clearLoginError
FN:35,clearUserInfo
FN:38,setUserInfo
FN:43,getUser
FN:44,getIsAuthChecked
FN:46,extraReducers
FNF:6
FNH:6
FNDA:1,clearLoginError
FNDA:1,clearUserInfo
FNDA:1,setUserInfo
FNDA:1,getUser
FNDA:1,getIsAuthChecked
FNDA:1,extraReducers
DA:1,1
DA:2,1
DA:3,1
DA:4,1
DA:5,1
DA:6,1
DA:7,1
DA:8,1
DA:9,1
DA:10,1
DA:11,1
DA:12,1
DA:13,1
DA:14,1
DA:15,1
DA:16,1
DA:17,1
DA:18,1
DA:19,1
DA:20,1
DA:21,1
DA:22,1
DA:23,1
DA:24,1
DA:25,1
DA:26,1
DA:27,1
DA:28,1
DA:29,1
DA:30,1
DA:31,1
DA:32,1
DA:33,1
DA:34,1
DA:35,1
DA:36,1
DA:37,1
DA:38,1
DA:39,1
DA:40,1
DA:41,1
DA:42,1
DA:43,1
DA:44,1
DA:45,1
DA:46,1
DA:47,1
DA:48,1
DA:49,1
DA:50,1
DA:51,1
DA:52,2
DA:53,1
DA:54,1
DA:55,1
DA:56,1
DA:57,1
DA:58,1
DA:59,1
DA:60,1
DA:61,1
DA:62,1
DA:63,1
DA:64,1
DA:65,1
DA:66,1
DA:67,1
DA:68,1
DA:69,1
DA:70,1
DA:71,1
DA:72,1
DA:73,1
DA:74,1
DA:75,1
DA:76,1
DA:77,1
DA:78,1
DA:79,1
DA:80,1
DA:81,1
DA:82,1
DA:83,1
DA:84,1
DA:85,1
DA:86,1
DA:87,1
DA:88,1
DA:89,1
DA:90,1
DA:91,1
LF:91
LH:91
BRDA:31,0,0,1
BRDA:35,1,0,1
BRDA:38,2,0,1
BRDA:43,3,0,1
BRDA:44,4,0,1
BRDA:46,5,0,1
BRDA:48,6,0,1
BRDA:51,7,0,2
BRDA:54,8,0,1
BRDA:58,9,0,1
BRDA:60,10,0,0
BRDA:62,11,0,1
BRDA:66,12,0,1
BRDA:68,13,0,0
BRDA:70,14,0,1
BRDA:73,15,0,1
BRDA:77,16,0,1
BRF:17
BRH:15
end_of_record
